<?xml version="1.0" encoding="UTF-8"?>
<!-- Generated by org.testng.reporters.JUnitReportReporter -->
<testsuite hostname="ISIPL-PUNV-L406.local" failures="0" tests="5" name="testNG_Day1.AttributeDemo" time="0.016" errors="0" timestamp="2024-08-21T08:59:51 IST" skipped="0">
  <testcase classname="testNG_Day1.AttributeDemo" name="priorityDemo2" time="0.009"/>
  <system-out/>
  <testcase classname="testNG_Day1.AttributeDemo" name="priorityDemo1" time="0.002"/>
  <system-out/>
  <testcase classname="testNG_Day1.AttributeDemo" name="AriorityDemo1" time="0.002"/>
  <system-out/>
  <testcase classname="testNG_Day1.AttributeDemo" name="AaiorityDemo1" time="0.001"/>
  <system-out/>
  <testcase classname="testNG_Day1.AttributeDemo" name="priorityDemo3" time="0.002"/>
  <system-out/>
</testsuite> <!-- testNG_Day1.AttributeDemo -->
