<?xml version="1.0" encoding="UTF-8"?>
<!-- Generated by org.testng.reporters.JUnitReportReporter -->
<testsuite hostname="ISIPL-PUNV-L406.local" failures="0" tests="1" name="testNG_Day1.TestNGDemo" time="0.009" errors="0" timestamp="2024-08-21T08:36:20 IST" skipped="0">
  <testcase classname="testNG_Day1.TestNGDemo" name="Method1" time="0.009"/>
  <system-out/>
</testsuite> <!-- testNG_Day1.TestNGDemo -->
