<?xml version="1.0" encoding="UTF-8"?>
<!-- Generated by org.testng.reporters.JUnitReportReporter -->
<testsuite hostname="ISIPL-PUNV-L406.local" failures="0" tests="1" name="testNG_Day1.AnnotationDemo" time="0.007" errors="0" timestamp="2024-08-21T08:54:38 IST" skipped="0">
  <testcase classname="testNG_Day1.AnnotationDemo" name="testDemo1" time="0.007"/>
  <system-out/>
</testsuite> <!-- testNG_Day1.AnnotationDemo -->
